2023-11-29T16:17:51.848+05:30  INFO 23200 --- [restartedMain] in.ashokit.Application                   : Starting Application using Java 17.0.8.1 with PID 23200 (C:\Users\sureshdat\Documents\workspace-spring-tool-suite-4-4.20.0.RELEASE\02-sbi-logging\target\classes started by sureshdat in C:\Users\sureshdat\Documents\workspace-spring-tool-suite-4-4.20.0.RELEASE\02-sbi-logging)
2023-11-29T16:17:51.849+05:30  INFO 23200 --- [restartedMain] in.ashokit.Application                   : No active profile set, falling back to 1 default profile: "default"
2023-11-29T16:17:52.219+05:30  INFO 23200 --- [restartedMain] o.s.b.w.embedded.tomcat.TomcatWebServer  : Tomcat initialized with port 8080 (http)
2023-11-29T16:17:52.220+05:30  INFO 23200 --- [restartedMain] o.apache.catalina.core.StandardService   : Starting service [Tomcat]
2023-11-29T16:17:52.222+05:30  INFO 23200 --- [restartedMain] o.apache.catalina.core.StandardEngine    : Starting Servlet engine: [Apache Tomcat/10.1.16]
2023-11-29T16:17:52.251+05:30  INFO 23200 --- [restartedMain] o.a.c.c.C.[Tomcat].[localhost].[/]       : Initializing Spring embedded WebApplicationContext
2023-11-29T16:17:52.252+05:30  INFO 23200 --- [restartedMain] w.s.c.ServletWebServerApplicationContext : Root WebApplicationContext: initialization completed in 397 ms
2023-11-29T16:17:52.358+05:30  INFO 23200 --- [restartedMain] o.s.b.d.a.OptionalLiveReloadServer       : LiveReload server is running on port 35729
2023-11-29T16:17:52.371+05:30  INFO 23200 --- [restartedMain] o.s.b.w.embedded.tomcat.TomcatWebServer  : Tomcat started on port 8080 (http) with context path ''
2023-11-29T16:17:52.375+05:30  INFO 23200 --- [restartedMain] in.ashokit.Application                   : Started Application in 0.597 seconds (process running for 1056.842)
2023-11-29T16:17:52.377+05:30  INFO 23200 --- [restartedMain] .ConditionEvaluationDeltaLoggingListener : Condition evaluation unchanged
2023-11-29T16:19:26.807+05:30  INFO 23200 --- [RMI TCP Connection(23)-127.0.0.1] inMXBeanRegistrar$SpringApplicationAdmin : Application shutdown requested.
2023-11-29T16:19:37.289+05:30  INFO 15436 --- [restartedMain] in.ashokit.Application                   : Starting Application using Java 17.0.8.1 with PID 15436 (C:\Users\sureshdat\Documents\workspace-spring-tool-suite-4-4.20.0.RELEASE\02-sbi-logging\target\classes started by sureshdat in C:\Users\sureshdat\Documents\workspace-spring-tool-suite-4-4.20.0.RELEASE\02-sbi-logging)
2023-11-29T16:19:37.293+05:30  INFO 15436 --- [restartedMain] in.ashokit.Application                   : No active profile set, falling back to 1 default profile: "default"
2023-11-29T16:19:37.389+05:30  INFO 15436 --- [restartedMain] .e.DevToolsPropertyDefaultsPostProcessor : Devtools property defaults active! Set 'spring.devtools.add-properties' to 'false' to disable
2023-11-29T16:19:37.390+05:30  INFO 15436 --- [restartedMain] .e.DevToolsPropertyDefaultsPostProcessor : For additional web related logging consider setting the 'logging.level.web' property to 'DEBUG'
2023-11-29T16:19:39.143+05:30  INFO 15436 --- [restartedMain] o.s.b.w.embedded.tomcat.TomcatWebServer  : Tomcat initialized with port 8080 (http)
2023-11-29T16:19:39.160+05:30  INFO 15436 --- [restartedMain] o.apache.catalina.core.StandardService   : Starting service [Tomcat]
2023-11-29T16:19:39.160+05:30  INFO 15436 --- [restartedMain] o.apache.catalina.core.StandardEngine    : Starting Servlet engine: [Apache Tomcat/10.1.16]
2023-11-29T16:19:39.270+05:30  INFO 15436 --- [restartedMain] o.a.c.c.C.[Tomcat].[localhost].[/]       : Initializing Spring embedded WebApplicationContext
2023-11-29T16:19:39.271+05:30  INFO 15436 --- [restartedMain] w.s.c.ServletWebServerApplicationContext : Root WebApplicationContext: initialization completed in 1879 ms
2023-11-29T16:19:39.929+05:30  INFO 15436 --- [restartedMain] o.s.b.d.a.OptionalLiveReloadServer       : LiveReload server is running on port 35729
2023-11-29T16:19:40.013+05:30  INFO 15436 --- [restartedMain] o.s.b.w.embedded.tomcat.TomcatWebServer  : Tomcat started on port 8080 (http) with context path ''
2023-11-29T16:19:40.036+05:30  INFO 15436 --- [restartedMain] in.ashokit.Application                   : Started Application in 3.51 seconds (process running for 4.693)
2023-11-29T16:20:00.594+05:30  INFO 15436 --- [http-nio-8080-exec-1] o.a.c.c.C.[Tomcat].[localhost].[/]       : Initializing Spring DispatcherServlet 'dispatcherServlet'
2023-11-29T16:20:00.595+05:30  INFO 15436 --- [http-nio-8080-exec-1] o.s.web.servlet.DispatcherServlet        : Initializing Servlet 'dispatcherServlet'
2023-11-29T16:20:00.598+05:30  INFO 15436 --- [http-nio-8080-exec-1] o.s.web.servlet.DispatcherServlet        : Completed initialization in 2 ms
2023-11-29T16:20:00.666+05:30  INFO 15436 --- [http-nio-8080-exec-1] in.ashokit.DemoRestController            : GetWelcomeMeesage execution started
2023-11-29T16:20:00.669+05:30 ERROR 15436 --- [http-nio-8080-exec-1] in.ashokit.DemoRestController            : Exception occured/ by zero
2023-11-29T16:20:00.669+05:30  INFO 15436 --- [http-nio-8080-exec-1] in.ashokit.DemoRestController            : GetWelcomeMeesage execution ended
2023-11-29T16:22:23.726+05:30  INFO 15436 --- [RMI TCP Connection(6)-127.0.0.1] inMXBeanRegistrar$SpringApplicationAdmin : Application shutdown requested.
